<?xml version="1.0" encoding="UTF-8"?>
<testng-results ignored="1" total="4" passed="3" failed="0" skipped="0">
  <reporter-output>
  </reporter-output>
  <suite started-at="2023-09-23T07:40:50Z" name="Surefire suite" finished-at="2023-09-23T07:40:54Z" duration-ms="4002">
    <groups>
    </groups>
    <test started-at="2023-09-23T07:40:50Z" name="Surefire test" finished-at="2023-09-23T07:40:54Z" duration-ms="4002">
      <class name="com.marolix.MySampleTest">
        <test-method is-config="true" signature="setUp()[pri:0, instance:com.marolix.MySampleTest@3f6b0be5]" started-at="2023-09-23T07:40:54Z" name="setUp" finished-at="2023-09-23T07:40:54Z" duration-ms="124" status="PASS">
          <reporter-output>
          </reporter-output>
        </test-method> <!-- setUp -->
        <test-method signature="testEntity()[pri:0, instance:com.marolix.MySampleTest@3f6b0be5]" started-at="2023-09-23T07:40:54Z" name="testEntity" finished-at="2023-09-23T07:40:54Z" duration-ms="95" status="PASS">
          <reporter-output>
          </reporter-output>
        </test-method> <!-- testEntity -->
        <test-method is-config="true" signature="tearDown()[pri:0, instance:com.marolix.MySampleTest@3f6b0be5]" started-at="2023-09-23T07:40:54Z" name="tearDown" finished-at="2023-09-23T07:40:54Z" duration-ms="14" status="PASS">
          <reporter-output>
          </reporter-output>
        </test-method> <!-- tearDown -->
      </class> <!-- com.marolix.MySampleTest -->
      <class name="com.marolix.MySampleYamlTest">
        <test-method is-config="true" signature="setUp()[pri:0, instance:com.marolix.MySampleYamlTest@3b6ddd1d]" started-at="2023-09-23T07:40:50Z" name="setUp" finished-at="2023-09-23T07:40:52Z" duration-ms="1809" status="PASS">
          <reporter-output>
          </reporter-output>
        </test-method> <!-- setUp -->
        <test-method signature="testEntity()[pri:0, instance:com.marolix.MySampleYamlTest@3b6ddd1d]" started-at="2023-09-23T07:40:52Z" name="testEntity" finished-at="2023-09-23T07:40:53Z" duration-ms="1011" status="PASS">
          <reporter-output>
          </reporter-output>
        </test-method> <!-- testEntity -->
        <test-method is-config="true" signature="tearDown()[pri:0, instance:com.marolix.MySampleYamlTest@3b6ddd1d]" started-at="2023-09-23T07:40:53Z" name="tearDown" finished-at="2023-09-23T07:40:53Z" duration-ms="48" status="PASS">
          <reporter-output>
          </reporter-output>
        </test-method> <!-- tearDown -->
        <test-method is-config="true" signature="setUp()[pri:0, instance:com.marolix.MySampleYamlTest@3b6ddd1d]" started-at="2023-09-23T07:40:53Z" name="setUp" finished-at="2023-09-23T07:40:53Z" duration-ms="18" status="PASS">
          <reporter-output>
          </reporter-output>
        </test-method> <!-- setUp -->
        <test-method signature="testUsingTestFramework()[pri:0, instance:com.marolix.MySampleYamlTest@3b6ddd1d]" started-at="2023-09-23T07:40:53Z" name="testUsingTestFramework" finished-at="2023-09-23T07:40:54Z" duration-ms="760" status="PASS">
          <reporter-output>
          </reporter-output>
        </test-method> <!-- testUsingTestFramework -->
        <test-method is-config="true" signature="tearDown()[pri:0, instance:com.marolix.MySampleYamlTest@3b6ddd1d]" started-at="2023-09-23T07:40:54Z" name="tearDown" finished-at="2023-09-23T07:40:54Z" duration-ms="55" status="PASS">
          <reporter-output>
          </reporter-output>
        </test-method> <!-- tearDown -->
      </class> <!-- com.marolix.MySampleYamlTest -->
    </test> <!-- Surefire test -->
  </suite> <!-- Surefire suite -->
</testng-results>
