<?xml version="1.0" encoding="UTF-8"?>
<!-- Generated by org.testng.reporters.JUnitXMLReporter -->
<testsuite ignored="1" hostname="ip-172-31-45-93.ec2.internal" failures="0" tests="3" name="Surefire test" time="4.002" errors="0" timestamp="23 Sep 2023 07:40:54 GMT">
  <testcase classname="com.marolix.MySampleYamlTest" name="testEntity" time="1.011"/>
  <testcase classname="com.marolix.MySampleYamlTest" name="testUsingTestFramework" time="0.76"/>
  <testcase classname="com.marolix.MySampleTest" name="testEntity" time="0.095"/>
  <testcase classname="com.marolix.MySampleYamlTest" name="testViaCatalog" time="0.0">
    <ignored/>
  </testcase> <!-- testViaCatalog -->
</testsuite> <!-- Surefire test -->
